TN:
SF:controller/authController.js
FN:4,(anonymous_0)
FN:51,(anonymous_1)
FNF:2
FNH:2
FNDA:3,(anonymous_0)
FNDA:3,(anonymous_1)
DA:1,1
DA:2,1
DA:3,1
DA:4,1
DA:5,3
DA:6,3
DA:7,3
DA:8,2
DA:9,1
DA:11,1
DA:12,1
DA:17,1
DA:20,1
DA:51,1
DA:52,3
DA:54,3
DA:56,2
DA:57,1
DA:59,1
DA:62,1
LF:20
LH:20
BRDA:8,0,0,1
BRDA:8,0,1,1
BRDA:56,1,0,1
BRDA:56,1,1,1
BRF:4
BRH:4
end_of_record
TN:
SF:models/users.js
FN:5,(anonymous_0)
FN:32,(anonymous_1)
FNF:2
FNH:0
FNDA:0,(anonymous_0)
FNDA:0,(anonymous_1)
DA:1,1
DA:4,1
DA:6,0
DA:33,0
DA:34,0
DA:35,0
DA:36,0
DA:37,0
LF:8
LH:2
BRF:0
BRH:0
end_of_record
TN:
SF:routes/middlewares.js
FN:3,(anonymous_0)
FN:12,(anonymous_1)
FNF:2
FNH:2
FNDA:2,(anonymous_0)
FNDA:2,(anonymous_1)
DA:3,1
DA:4,2
DA:5,1
DA:8,1
DA:12,1
DA:13,2
DA:14,1
DA:17,1
LF:8
LH:8
BRDA:4,0,0,1
BRDA:4,0,1,1
BRDA:13,1,0,1
BRDA:13,1,1,1
BRF:4
BRH:4
end_of_record
